Determining if the pthread_create exist failed with the following output:
Change Dir: /home/stefan/UNI/SS2019/RealSenseStuff/KinectFusionApp/CMakeFiles/CMakeTmp

Run Build Command:"/usr/bin/make" "cmTC_860ed/fast"
/usr/bin/make -f CMakeFiles/cmTC_860ed.dir/build.make CMakeFiles/cmTC_860ed.dir/build
make[1]: Entering directory '/home/stefan/UNI/SS2019/RealSenseStuff/KinectFusionApp/CMakeFiles/CMakeTmp'
Building C object CMakeFiles/cmTC_860ed.dir/CheckSymbolExists.c.o
/usr/bin/cc   -fPIC    -o CMakeFiles/cmTC_860ed.dir/CheckSymbolExists.c.o   -c /home/stefan/UNI/SS2019/RealSenseStuff/KinectFusionApp/CMakeFiles/CMakeTmp/CheckSymbolExists.c
Linking C executable cmTC_860ed
/usr/bin/cmake -E cmake_link_script CMakeFiles/cmTC_860ed.dir/link.txt --verbose=1
/usr/bin/cc -fPIC     -rdynamic CMakeFiles/cmTC_860ed.dir/CheckSymbolExists.c.o  -o cmTC_860ed 
CMakeFiles/cmTC_860ed.dir/CheckSymbolExists.c.o: In function `main':
CheckSymbolExists.c:(.text+0x1b): undefined reference to `pthread_create'
collect2: error: ld returned 1 exit status
CMakeFiles/cmTC_860ed.dir/build.make:97: recipe for target 'cmTC_860ed' failed
make[1]: *** [cmTC_860ed] Error 1
make[1]: Leaving directory '/home/stefan/UNI/SS2019/RealSenseStuff/KinectFusionApp/CMakeFiles/CMakeTmp'
Makefile:126: recipe for target 'cmTC_860ed/fast' failed
make: *** [cmTC_860ed/fast] Error 2

File /home/stefan/UNI/SS2019/RealSenseStuff/KinectFusionApp/CMakeFiles/CMakeTmp/CheckSymbolExists.c:
/* */
#include <pthread.h>

int main(int argc, char** argv)
{
  (void)argv;
#ifndef pthread_create
  return ((int*)(&pthread_create))[argc];
#else
  (void)argc;
  return 0;
#endif
}

Determining if the function pthread_create exists in the pthreads failed with the following output:
Change Dir: /home/stefan/UNI/SS2019/RealSenseStuff/KinectFusionApp/CMakeFiles/CMakeTmp

Run Build Command:"/usr/bin/make" "cmTC_4a05e/fast"
/usr/bin/make -f CMakeFiles/cmTC_4a05e.dir/build.make CMakeFiles/cmTC_4a05e.dir/build
make[1]: Entering directory '/home/stefan/UNI/SS2019/RealSenseStuff/KinectFusionApp/CMakeFiles/CMakeTmp'
Building C object CMakeFiles/cmTC_4a05e.dir/CheckFunctionExists.c.o
/usr/bin/cc   -fPIC -DCHECK_FUNCTION_EXISTS=pthread_create   -o CMakeFiles/cmTC_4a05e.dir/CheckFunctionExists.c.o   -c /usr/share/cmake-3.10/Modules/CheckFunctionExists.c
Linking C executable cmTC_4a05e
/usr/bin/cmake -E cmake_link_script CMakeFiles/cmTC_4a05e.dir/link.txt --verbose=1
/usr/bin/cc -fPIC -DCHECK_FUNCTION_EXISTS=pthread_create    -rdynamic CMakeFiles/cmTC_4a05e.dir/CheckFunctionExists.c.o  -o cmTC_4a05e -lpthreads 
/usr/bin/ld: cannot find -lpthreads
collect2: error: ld returned 1 exit status
CMakeFiles/cmTC_4a05e.dir/build.make:97: recipe for target 'cmTC_4a05e' failed
make[1]: *** [cmTC_4a05e] Error 1
make[1]: Leaving directory '/home/stefan/UNI/SS2019/RealSenseStuff/KinectFusionApp/CMakeFiles/CMakeTmp'
Makefile:126: recipe for target 'cmTC_4a05e/fast' failed
make: *** [cmTC_4a05e/fast] Error 2


